<?xml version="1.0" encoding="UTF-8"?>
<testsuite xmlns:xsi="http://www.w3.org/2001/XMLSchema-instance" xsi:noNamespaceSchemaLocation="https://maven.apache.org/surefire/maven-surefire-plugin/xsd/surefire-test-report-3.0.xsd" version="3.0" name="fr.imt.coffee.machine.CoffeeMachineUnitTest" time="3.227" tests="5" errors="0" skipped="1" failures="1">
  <properties>
    <property name="java.specification.version" value="17"/>
    <property name="sun.cpu.isalist" value="amd64"/>
    <property name="sun.jnu.encoding" value="Cp1252"/>
    <property name="java.class.path" value="C:\Users\ryoma\Desktop\S9\QL\projet\cours-qualite-2024\coffee-machine\target\test-classes;C:\Users\ryoma\Desktop\S9\QL\projet\cours-qualite-2024\coffee-machine\target\classes;C:\Users\ryoma\.m2\repository\org\junit\jupiter\junit-jupiter-api\5.9.1\junit-jupiter-api-5.9.1.jar;C:\Users\ryoma\.m2\repository\org\opentest4j\opentest4j\1.2.0\opentest4j-1.2.0.jar;C:\Users\ryoma\.m2\repository\org\junit\platform\junit-platform-commons\1.9.1\junit-platform-commons-1.9.1.jar;C:\Users\ryoma\.m2\repository\org\apiguardian\apiguardian-api\1.1.2\apiguardian-api-1.1.2.jar;C:\Users\ryoma\.m2\repository\org\junit\vintage\junit-vintage-engine\5.9.1\junit-vintage-engine-5.9.1.jar;C:\Users\ryoma\.m2\repository\org\junit\platform\junit-platform-engine\1.9.1\junit-platform-engine-1.9.1.jar;C:\Users\ryoma\.m2\repository\junit\junit\4.13.2\junit-4.13.2.jar;C:\Users\ryoma\.m2\repository\org\hamcrest\hamcrest-core\1.3\hamcrest-core-1.3.jar;C:\Users\ryoma\.m2\repository\org\mockito\mockito-core\4.8.0\mockito-core-4.8.0.jar;C:\Users\ryoma\.m2\repository\net\bytebuddy\byte-buddy\1.12.14\byte-buddy-1.12.14.jar;C:\Users\ryoma\.m2\repository\net\bytebuddy\byte-buddy-agent\1.12.14\byte-buddy-agent-1.12.14.jar;C:\Users\ryoma\.m2\repository\org\objenesis\objenesis\3.2\objenesis-3.2.jar;C:\Users\ryoma\.m2\repository\org\hamcrest\hamcrest\2.2\hamcrest-2.2.jar;C:\Users\ryoma\.m2\repository\io\cucumber\cucumber-java\7.8.1\cucumber-java-7.8.1.jar;C:\Users\ryoma\.m2\repository\io\cucumber\cucumber-core\7.8.1\cucumber-core-7.8.1.jar;C:\Users\ryoma\.m2\repository\io\cucumber\cucumber-gherkin\7.8.1\cucumber-gherkin-7.8.1.jar;C:\Users\ryoma\.m2\repository\io\cucumber\cucumber-gherkin-messages\7.8.1\cucumber-gherkin-messages-7.8.1.jar;C:\Users\ryoma\.m2\repository\io\cucumber\gherkin\24.0.0\gherkin-24.0.0.jar;C:\Users\ryoma\.m2\repository\io\cucumber\messages\19.1.4\messages-19.1.4.jar;C:\Users\ryoma\.m2\repository\io\cucumber\tag-expressions\4.1.0\tag-expressions-4.1.0.jar;C:\Users\ryoma\.m2\repository\io\cucumber\cucumber-expressions\16.0.0\cucumber-expressions-16.0.0.jar;C:\Users\ryoma\.m2\repository\io\cucumber\datatable\7.8.1\datatable-7.8.1.jar;C:\Users\ryoma\.m2\repository\io\cucumber\cucumber-plugin\7.8.1\cucumber-plugin-7.8.1.jar;C:\Users\ryoma\.m2\repository\io\cucumber\docstring\7.8.1\docstring-7.8.1.jar;C:\Users\ryoma\.m2\repository\io\cucumber\html-formatter\20.1.0\html-formatter-20.1.0.jar;C:\Users\ryoma\.m2\repository\io\cucumber\ci-environment\9.1.0\ci-environment-9.1.0.jar;C:\Users\ryoma\.m2\repository\io\cucumber\cucumber-junit\7.8.1\cucumber-junit-7.8.1.jar;C:\Users\ryoma\.m2\repository\org\apache\maven\plugins\maven-project-info-reports-plugin\3.1.1\maven-project-info-reports-plugin-3.1.1.jar;C:\Users\ryoma\.m2\repository\org\apache\maven\reporting\maven-reporting-api\3.0\maven-reporting-api-3.0.jar;C:\Users\ryoma\.m2\repository\org\apache\maven\reporting\maven-reporting-impl\3.0.0\maven-reporting-impl-3.0.0.jar;C:\Users\ryoma\.m2\repository\org\apache\maven\shared\maven-shared-utils\3.2.0\maven-shared-utils-3.2.0.jar;C:\Users\ryoma\.m2\repository\org\apache\maven\maven-artifact\3.0\maven-artifact-3.0.jar;C:\Users\ryoma\.m2\repository\org\apache\maven\maven-core\3.0\maven-core-3.0.jar;C:\Users\ryoma\.m2\repository\org\apache\maven\maven-settings-builder\3.0\maven-settings-builder-3.0.jar;C:\Users\ryoma\.m2\repository\org\apache\maven\maven-model-builder\3.0\maven-model-builder-3.0.jar;C:\Users\ryoma\.m2\repository\org\apache\maven\maven-aether-provider\3.0\maven-aether-provider-3.0.jar;C:\Users\ryoma\.m2\repository\org\sonatype\aether\aether-impl\1.7\aether-impl-1.7.jar;C:\Users\ryoma\.m2\repository\org\sonatype\aether\aether-spi\1.7\aether-spi-1.7.jar;C:\Users\ryoma\.m2\repository\org\sonatype\aether\aether-api\1.7\aether-api-1.7.jar;C:\Users\ryoma\.m2\repository\org\sonatype\aether\aether-util\1.7\aether-util-1.7.jar;C:\Users\ryoma\.m2\repository\org\sonatype\sisu\sisu-inject-plexus\1.4.2\sisu-inject-plexus-1.4.2.jar;C:\Users\ryoma\.m2\repository\org\sonatype\sisu\sisu-inject-bean\1.4.2\sisu-inject-bean-1.4.2.jar;C:\Users\ryoma\.m2\repository\org\sonatype\sisu\sisu-guice\2.1.7\sisu-guice-2.1.7-noaop.jar;C:\Users\ryoma\.m2\repository\org\codehaus\plexus\plexus-classworlds\2.2.3\plexus-classworlds-2.2.3.jar;C:\Users\ryoma\.m2\repository\org\codehaus\plexus\plexus-component-annotations\1.5.5\plexus-component-annotations-1.5.5.jar;C:\Users\ryoma\.m2\repository\org\sonatype\plexus\plexus-sec-dispatcher\1.3\plexus-sec-dispatcher-1.3.jar;C:\Users\ryoma\.m2\repository\org\sonatype\plexus\plexus-cipher\1.4\plexus-cipher-1.4.jar;C:\Users\ryoma\.m2\repository\org\apache\maven\maven-model\3.0\maven-model-3.0.jar;C:\Users\ryoma\.m2\repository\org\apache\maven\maven-plugin-api\3.0\maven-plugin-api-3.0.jar;C:\Users\ryoma\.m2\repository\org\apache\maven\maven-repository-metadata\3.0\maven-repository-metadata-3.0.jar;C:\Users\ryoma\.m2\repository\org\apache\maven\maven-settings\3.0\maven-settings-3.0.jar;C:\Users\ryoma\.m2\repository\org\apache\maven\shared\maven-dependency-tree\2.2\maven-dependency-tree-2.2.jar;C:\Users\ryoma\.m2\repository\org\eclipse\aether\aether-util\0.9.0.M2\aether-util-0.9.0.M2.jar;C:\Users\ryoma\.m2\repository\org\apache\maven\shared\maven-shared-jar\1.2\maven-shared-jar-1.2.jar;C:\Users\ryoma\.m2\repository\org\codehaus\plexus\plexus-digest\1.0\plexus-digest-1.0.jar;C:\Users\ryoma\.m2\repository\org\codehaus\plexus\plexus-container-default\1.0-alpha-8\plexus-container-default-1.0-alpha-8.jar;C:\Users\ryoma\.m2\repository\classworlds\classworlds\1.1-alpha-2\classworlds-1.1-alpha-2.jar;C:\Users\ryoma\.m2\repository\commons-collections\commons-collections\3.1\commons-collections-3.1.jar;C:\Users\ryoma\.m2\repository\org\apache\bcel\bcel\6.2\bcel-6.2.jar;C:\Users\ryoma\.m2\repository\org\apache\maven\shared\maven-common-artifact-filters\3.1.0\maven-common-artifact-filters-3.1.0.jar;C:\Users\ryoma\.m2\repository\org\apache\maven\shared\maven-artifact-transfer\0.12.0\maven-artifact-transfer-0.12.0.jar;C:\Users\ryoma\.m2\repository\commons-codec\commons-codec\1.11\commons-codec-1.11.jar;C:\Users\ryoma\.m2\repository\org\slf4j\slf4j-api\1.7.5\slf4j-api-1.7.5.jar;C:\Users\ryoma\.m2\repository\org\apache\maven\scm\maven-scm-api\1.10.0\maven-scm-api-1.10.0.jar;C:\Users\ryoma\.m2\repository\org\apache\maven\scm\maven-scm-manager-plexus\1.10.0\maven-scm-manager-plexus-1.10.0.jar;C:\Users\ryoma\.m2\repository\org\apache\maven\scm\maven-scm-provider-hg\1.10.0\maven-scm-provider-hg-1.10.0.jar;C:\Users\ryoma\.m2\repository\org\apache\maven\scm\maven-scm-provider-perforce\1.10.0\maven-scm-provider-perforce-1.10.0.jar;C:\Users\ryoma\.m2\repository\org\apache\maven\scm\maven-scm-provider-starteam\1.10.0\maven-scm-provider-starteam-1.10.0.jar;C:\Users\ryoma\.m2\repository\org\apache\maven\scm\maven-scm-provider-svn-commons\1.10.0\maven-scm-provider-svn-commons-1.10.0.jar;C:\Users\ryoma\.m2\repository\org\apache\maven\scm\maven-scm-provider-svnexe\1.10.0\maven-scm-provider-svnexe-1.10.0.jar;C:\Users\ryoma\.m2\repository\commons-lang\commons-lang\2.6\commons-lang-2.6.jar;C:\Users\ryoma\.m2\repository\org\apache\maven\scm\maven-scm-provider-cvs-commons\1.10.0\maven-scm-provider-cvs-commons-1.10.0.jar;C:\Users\ryoma\.m2\repository\org\apache\maven\scm\maven-scm-provider-cvsexe\1.10.0\maven-scm-provider-cvsexe-1.10.0.jar;C:\Users\ryoma\.m2\repository\org\apache\maven\scm\maven-scm-provider-cvsjava\1.10.0\maven-scm-provider-cvsjava-1.10.0.jar;C:\Users\ryoma\.m2\repository\org\netbeans\lib\cvsclient\20060125\cvsclient-20060125.jar;C:\Users\ryoma\.m2\repository\ch\ethz\ganymed\ganymed-ssh2\build210\ganymed-ssh2-build210.jar;C:\Users\ryoma\.m2\repository\org\apache\maven\scm\maven-scm-provider-git-commons\1.10.0\maven-scm-provider-git-commons-1.10.0.jar;C:\Users\ryoma\.m2\repository\org\apache\maven\scm\maven-scm-provider-gitexe\1.10.0\maven-scm-provider-gitexe-1.10.0.jar;C:\Users\ryoma\.m2\repository\org\apache\maven\doxia\doxia-sink-api\1.9.1\doxia-sink-api-1.9.1.jar;C:\Users\ryoma\.m2\repository\org\apache\maven\doxia\doxia-logging-api\1.9.1\doxia-logging-api-1.9.1.jar;C:\Users\ryoma\.m2\repository\org\apache\maven\doxia\doxia-core\1.9.1\doxia-core-1.9.1.jar;C:\Users\ryoma\.m2\repository\org\apache\httpcomponents\httpcore\4.4.11\httpcore-4.4.11.jar;C:\Users\ryoma\.m2\repository\org\apache\maven\doxia\doxia-decoration-model\1.9.2\doxia-decoration-model-1.9.2.jar;C:\Users\ryoma\.m2\repository\org\apache\maven\doxia\doxia-site-renderer\1.9.2\doxia-site-renderer-1.9.2.jar;C:\Users\ryoma\.m2\repository\org\apache\maven\doxia\doxia-skin-model\1.9.2\doxia-skin-model-1.9.2.jar;C:\Users\ryoma\.m2\repository\org\apache\maven\doxia\doxia-module-xhtml\1.9.1\doxia-module-xhtml-1.9.1.jar;C:\Users\ryoma\.m2\repository\org\apache\maven\doxia\doxia-module-xhtml5\1.9.1\doxia-module-xhtml5-1.9.1.jar;C:\Users\ryoma\.m2\repository\org\codehaus\plexus\plexus-velocity\1.2\plexus-velocity-1.2.jar;C:\Users\ryoma\.m2\repository\org\apache\velocity\velocity\1.7\velocity-1.7.jar;C:\Users\ryoma\.m2\repository\org\apache\velocity\velocity-tools\2.0\velocity-tools-2.0.jar;C:\Users\ryoma\.m2\repository\commons-chain\commons-chain\1.1\commons-chain-1.1.jar;C:\Users\ryoma\.m2\repository\dom4j\dom4j\1.1\dom4j-1.1.jar;C:\Users\ryoma\.m2\repository\oro\oro\2.0.8\oro-2.0.8.jar;C:\Users\ryoma\.m2\repository\org\apache\maven\doxia\doxia-integration-tools\1.9.2\doxia-integration-tools-1.9.2.jar;C:\Users\ryoma\.m2\repository\org\codehaus\plexus\plexus-i18n\1.0-beta-10\plexus-i18n-1.0-beta-10.jar;C:\Users\ryoma\.m2\repository\org\codehaus\plexus\plexus-utils\3.3.0\plexus-utils-3.3.0.jar;C:\Users\ryoma\.m2\repository\org\codehaus\plexus\plexus-interpolation\1.26\plexus-interpolation-1.26.jar;C:\Users\ryoma\.m2\repository\commons-validator\commons-validator\1.6\commons-validator-1.6.jar;C:\Users\ryoma\.m2\repository\commons-beanutils\commons-beanutils\1.9.2\commons-beanutils-1.9.2.jar;C:\Users\ryoma\.m2\repository\commons-digester\commons-digester\1.8.1\commons-digester-1.8.1.jar;C:\Users\ryoma\.m2\repository\commons-logging\commons-logging\1.2\commons-logging-1.2.jar;C:\Users\ryoma\.m2\repository\org\apache\logging\log4j\log4j-api\2.19.0\log4j-api-2.19.0.jar;C:\Users\ryoma\.m2\repository\org\apache\logging\log4j\log4j-core\2.19.0\log4j-core-2.19.0.jar;C:\Users\ryoma\.m2\repository\org\apache\maven\plugins\maven-javadoc-plugin\3.2.0\maven-javadoc-plugin-3.2.0.jar;C:\Users\ryoma\.m2\repository\org\apache\maven\maven-archiver\3.5.0\maven-archiver-3.5.0.jar;C:\Users\ryoma\.m2\repository\org\apache\maven\shared\maven-invoker\3.0.0\maven-invoker-3.0.0.jar;C:\Users\ryoma\.m2\repository\org\apache\maven\wagon\wagon-provider-api\2.4\wagon-provider-api-2.4.jar;C:\Users\ryoma\.m2\repository\org\apache\commons\commons-lang3\3.5\commons-lang3-3.5.jar;C:\Users\ryoma\.m2\repository\commons-io\commons-io\2.5\commons-io-2.5.jar;C:\Users\ryoma\.m2\repository\org\apache\httpcomponents\httpclient\4.5.8\httpclient-4.5.8.jar;C:\Users\ryoma\.m2\repository\com\thoughtworks\qdox\qdox\2.0-M10\qdox-2.0-M10.jar;C:\Users\ryoma\.m2\repository\org\codehaus\plexus\plexus-java\1.0.5\plexus-java-1.0.5.jar;C:\Users\ryoma\.m2\repository\org\ow2\asm\asm\7.2\asm-7.2.jar;C:\Users\ryoma\.m2\repository\org\codehaus\plexus\plexus-archiver\4.2.1\plexus-archiver-4.2.1.jar;C:\Users\ryoma\.m2\repository\org\apache\commons\commons-compress\1.19\commons-compress-1.19.jar;C:\Users\ryoma\.m2\repository\org\iq80\snappy\snappy\0.4\snappy-0.4.jar;C:\Users\ryoma\.m2\repository\org\tukaani\xz\1.8\xz-1.8.jar;C:\Users\ryoma\.m2\repository\org\codehaus\plexus\plexus-io\3.2.0\plexus-io-3.2.0.jar;C:\Users\ryoma\.m2\repository\org\codehaus\plexus\plexus-interactivity-api\1.0-alpha-6\plexus-interactivity-api-1.0-alpha-6.jar;"/>
    <property name="java.vm.vendor" value="Oracle Corporation"/>
    <property name="sun.arch.data.model" value="64"/>
    <property name="user.variant" value=""/>
    <property name="java.vendor.url" value="https://java.oracle.com/"/>
    <property name="user.timezone" value="Europe/Paris"/>
    <property name="os.name" value="Windows 10"/>
    <property name="java.vm.specification.version" value="17"/>
    <property name="sun.java.launcher" value="SUN_STANDARD"/>
    <property name="user.country" value="FR"/>
    <property name="sun.boot.library.path" value="C:\Program Files\Java\jdk-17\bin"/>
    <property name="sun.java.command" value="C:\Users\ryoma\AppData\Local\Temp\surefire2493556541021245761\surefirebooter-20241221121351027_3.jar C:\Users\ryoma\AppData\Local\Temp\surefire2493556541021245761 2024-12-21T12-13-50_371-jvmRun1 surefire-20241221121351027_1tmp surefire_0-20241221121351027_2tmp"/>
    <property name="jdk.debug" value="release"/>
    <property name="surefire.test.class.path" value="C:\Users\ryoma\Desktop\S9\QL\projet\cours-qualite-2024\coffee-machine\target\test-classes;C:\Users\ryoma\Desktop\S9\QL\projet\cours-qualite-2024\coffee-machine\target\classes;C:\Users\ryoma\.m2\repository\org\junit\jupiter\junit-jupiter-api\5.9.1\junit-jupiter-api-5.9.1.jar;C:\Users\ryoma\.m2\repository\org\opentest4j\opentest4j\1.2.0\opentest4j-1.2.0.jar;C:\Users\ryoma\.m2\repository\org\junit\platform\junit-platform-commons\1.9.1\junit-platform-commons-1.9.1.jar;C:\Users\ryoma\.m2\repository\org\apiguardian\apiguardian-api\1.1.2\apiguardian-api-1.1.2.jar;C:\Users\ryoma\.m2\repository\org\junit\vintage\junit-vintage-engine\5.9.1\junit-vintage-engine-5.9.1.jar;C:\Users\ryoma\.m2\repository\org\junit\platform\junit-platform-engine\1.9.1\junit-platform-engine-1.9.1.jar;C:\Users\ryoma\.m2\repository\junit\junit\4.13.2\junit-4.13.2.jar;C:\Users\ryoma\.m2\repository\org\hamcrest\hamcrest-core\1.3\hamcrest-core-1.3.jar;C:\Users\ryoma\.m2\repository\org\mockito\mockito-core\4.8.0\mockito-core-4.8.0.jar;C:\Users\ryoma\.m2\repository\net\bytebuddy\byte-buddy\1.12.14\byte-buddy-1.12.14.jar;C:\Users\ryoma\.m2\repository\net\bytebuddy\byte-buddy-agent\1.12.14\byte-buddy-agent-1.12.14.jar;C:\Users\ryoma\.m2\repository\org\objenesis\objenesis\3.2\objenesis-3.2.jar;C:\Users\ryoma\.m2\repository\org\hamcrest\hamcrest\2.2\hamcrest-2.2.jar;C:\Users\ryoma\.m2\repository\io\cucumber\cucumber-java\7.8.1\cucumber-java-7.8.1.jar;C:\Users\ryoma\.m2\repository\io\cucumber\cucumber-core\7.8.1\cucumber-core-7.8.1.jar;C:\Users\ryoma\.m2\repository\io\cucumber\cucumber-gherkin\7.8.1\cucumber-gherkin-7.8.1.jar;C:\Users\ryoma\.m2\repository\io\cucumber\cucumber-gherkin-messages\7.8.1\cucumber-gherkin-messages-7.8.1.jar;C:\Users\ryoma\.m2\repository\io\cucumber\gherkin\24.0.0\gherkin-24.0.0.jar;C:\Users\ryoma\.m2\repository\io\cucumber\messages\19.1.4\messages-19.1.4.jar;C:\Users\ryoma\.m2\repository\io\cucumber\tag-expressions\4.1.0\tag-expressions-4.1.0.jar;C:\Users\ryoma\.m2\repository\io\cucumber\cucumber-expressions\16.0.0\cucumber-expressions-16.0.0.jar;C:\Users\ryoma\.m2\repository\io\cucumber\datatable\7.8.1\datatable-7.8.1.jar;C:\Users\ryoma\.m2\repository\io\cucumber\cucumber-plugin\7.8.1\cucumber-plugin-7.8.1.jar;C:\Users\ryoma\.m2\repository\io\cucumber\docstring\7.8.1\docstring-7.8.1.jar;C:\Users\ryoma\.m2\repository\io\cucumber\html-formatter\20.1.0\html-formatter-20.1.0.jar;C:\Users\ryoma\.m2\repository\io\cucumber\ci-environment\9.1.0\ci-environment-9.1.0.jar;C:\Users\ryoma\.m2\repository\io\cucumber\cucumber-junit\7.8.1\cucumber-junit-7.8.1.jar;C:\Users\ryoma\.m2\repository\org\apache\maven\plugins\maven-project-info-reports-plugin\3.1.1\maven-project-info-reports-plugin-3.1.1.jar;C:\Users\ryoma\.m2\repository\org\apache\maven\reporting\maven-reporting-api\3.0\maven-reporting-api-3.0.jar;C:\Users\ryoma\.m2\repository\org\apache\maven\reporting\maven-reporting-impl\3.0.0\maven-reporting-impl-3.0.0.jar;C:\Users\ryoma\.m2\repository\org\apache\maven\shared\maven-shared-utils\3.2.0\maven-shared-utils-3.2.0.jar;C:\Users\ryoma\.m2\repository\org\apache\maven\maven-artifact\3.0\maven-artifact-3.0.jar;C:\Users\ryoma\.m2\repository\org\apache\maven\maven-core\3.0\maven-core-3.0.jar;C:\Users\ryoma\.m2\repository\org\apache\maven\maven-settings-builder\3.0\maven-settings-builder-3.0.jar;C:\Users\ryoma\.m2\repository\org\apache\maven\maven-model-builder\3.0\maven-model-builder-3.0.jar;C:\Users\ryoma\.m2\repository\org\apache\maven\maven-aether-provider\3.0\maven-aether-provider-3.0.jar;C:\Users\ryoma\.m2\repository\org\sonatype\aether\aether-impl\1.7\aether-impl-1.7.jar;C:\Users\ryoma\.m2\repository\org\sonatype\aether\aether-spi\1.7\aether-spi-1.7.jar;C:\Users\ryoma\.m2\repository\org\sonatype\aether\aether-api\1.7\aether-api-1.7.jar;C:\Users\ryoma\.m2\repository\org\sonatype\aether\aether-util\1.7\aether-util-1.7.jar;C:\Users\ryoma\.m2\repository\org\sonatype\sisu\sisu-inject-plexus\1.4.2\sisu-inject-plexus-1.4.2.jar;C:\Users\ryoma\.m2\repository\org\sonatype\sisu\sisu-inject-bean\1.4.2\sisu-inject-bean-1.4.2.jar;C:\Users\ryoma\.m2\repository\org\sonatype\sisu\sisu-guice\2.1.7\sisu-guice-2.1.7-noaop.jar;C:\Users\ryoma\.m2\repository\org\codehaus\plexus\plexus-classworlds\2.2.3\plexus-classworlds-2.2.3.jar;C:\Users\ryoma\.m2\repository\org\codehaus\plexus\plexus-component-annotations\1.5.5\plexus-component-annotations-1.5.5.jar;C:\Users\ryoma\.m2\repository\org\sonatype\plexus\plexus-sec-dispatcher\1.3\plexus-sec-dispatcher-1.3.jar;C:\Users\ryoma\.m2\repository\org\sonatype\plexus\plexus-cipher\1.4\plexus-cipher-1.4.jar;C:\Users\ryoma\.m2\repository\org\apache\maven\maven-model\3.0\maven-model-3.0.jar;C:\Users\ryoma\.m2\repository\org\apache\maven\maven-plugin-api\3.0\maven-plugin-api-3.0.jar;C:\Users\ryoma\.m2\repository\org\apache\maven\maven-repository-metadata\3.0\maven-repository-metadata-3.0.jar;C:\Users\ryoma\.m2\repository\org\apache\maven\maven-settings\3.0\maven-settings-3.0.jar;C:\Users\ryoma\.m2\repository\org\apache\maven\shared\maven-dependency-tree\2.2\maven-dependency-tree-2.2.jar;C:\Users\ryoma\.m2\repository\org\eclipse\aether\aether-util\0.9.0.M2\aether-util-0.9.0.M2.jar;C:\Users\ryoma\.m2\repository\org\apache\maven\shared\maven-shared-jar\1.2\maven-shared-jar-1.2.jar;C:\Users\ryoma\.m2\repository\org\codehaus\plexus\plexus-digest\1.0\plexus-digest-1.0.jar;C:\Users\ryoma\.m2\repository\org\codehaus\plexus\plexus-container-default\1.0-alpha-8\plexus-container-default-1.0-alpha-8.jar;C:\Users\ryoma\.m2\repository\classworlds\classworlds\1.1-alpha-2\classworlds-1.1-alpha-2.jar;C:\Users\ryoma\.m2\repository\commons-collections\commons-collections\3.1\commons-collections-3.1.jar;C:\Users\ryoma\.m2\repository\org\apache\bcel\bcel\6.2\bcel-6.2.jar;C:\Users\ryoma\.m2\repository\org\apache\maven\shared\maven-common-artifact-filters\3.1.0\maven-common-artifact-filters-3.1.0.jar;C:\Users\ryoma\.m2\repository\org\apache\maven\shared\maven-artifact-transfer\0.12.0\maven-artifact-transfer-0.12.0.jar;C:\Users\ryoma\.m2\repository\commons-codec\commons-codec\1.11\commons-codec-1.11.jar;C:\Users\ryoma\.m2\repository\org\slf4j\slf4j-api\1.7.5\slf4j-api-1.7.5.jar;C:\Users\ryoma\.m2\repository\org\apache\maven\scm\maven-scm-api\1.10.0\maven-scm-api-1.10.0.jar;C:\Users\ryoma\.m2\repository\org\apache\maven\scm\maven-scm-manager-plexus\1.10.0\maven-scm-manager-plexus-1.10.0.jar;C:\Users\ryoma\.m2\repository\org\apache\maven\scm\maven-scm-provider-hg\1.10.0\maven-scm-provider-hg-1.10.0.jar;C:\Users\ryoma\.m2\repository\org\apache\maven\scm\maven-scm-provider-perforce\1.10.0\maven-scm-provider-perforce-1.10.0.jar;C:\Users\ryoma\.m2\repository\org\apache\maven\scm\maven-scm-provider-starteam\1.10.0\maven-scm-provider-starteam-1.10.0.jar;C:\Users\ryoma\.m2\repository\org\apache\maven\scm\maven-scm-provider-svn-commons\1.10.0\maven-scm-provider-svn-commons-1.10.0.jar;C:\Users\ryoma\.m2\repository\org\apache\maven\scm\maven-scm-provider-svnexe\1.10.0\maven-scm-provider-svnexe-1.10.0.jar;C:\Users\ryoma\.m2\repository\commons-lang\commons-lang\2.6\commons-lang-2.6.jar;C:\Users\ryoma\.m2\repository\org\apache\maven\scm\maven-scm-provider-cvs-commons\1.10.0\maven-scm-provider-cvs-commons-1.10.0.jar;C:\Users\ryoma\.m2\repository\org\apache\maven\scm\maven-scm-provider-cvsexe\1.10.0\maven-scm-provider-cvsexe-1.10.0.jar;C:\Users\ryoma\.m2\repository\org\apache\maven\scm\maven-scm-provider-cvsjava\1.10.0\maven-scm-provider-cvsjava-1.10.0.jar;C:\Users\ryoma\.m2\repository\org\netbeans\lib\cvsclient\20060125\cvsclient-20060125.jar;C:\Users\ryoma\.m2\repository\ch\ethz\ganymed\ganymed-ssh2\build210\ganymed-ssh2-build210.jar;C:\Users\ryoma\.m2\repository\org\apache\maven\scm\maven-scm-provider-git-commons\1.10.0\maven-scm-provider-git-commons-1.10.0.jar;C:\Users\ryoma\.m2\repository\org\apache\maven\scm\maven-scm-provider-gitexe\1.10.0\maven-scm-provider-gitexe-1.10.0.jar;C:\Users\ryoma\.m2\repository\org\apache\maven\doxia\doxia-sink-api\1.9.1\doxia-sink-api-1.9.1.jar;C:\Users\ryoma\.m2\repository\org\apache\maven\doxia\doxia-logging-api\1.9.1\doxia-logging-api-1.9.1.jar;C:\Users\ryoma\.m2\repository\org\apache\maven\doxia\doxia-core\1.9.1\doxia-core-1.9.1.jar;C:\Users\ryoma\.m2\repository\org\apache\httpcomponents\httpcore\4.4.11\httpcore-4.4.11.jar;C:\Users\ryoma\.m2\repository\org\apache\maven\doxia\doxia-decoration-model\1.9.2\doxia-decoration-model-1.9.2.jar;C:\Users\ryoma\.m2\repository\org\apache\maven\doxia\doxia-site-renderer\1.9.2\doxia-site-renderer-1.9.2.jar;C:\Users\ryoma\.m2\repository\org\apache\maven\doxia\doxia-skin-model\1.9.2\doxia-skin-model-1.9.2.jar;C:\Users\ryoma\.m2\repository\org\apache\maven\doxia\doxia-module-xhtml\1.9.1\doxia-module-xhtml-1.9.1.jar;C:\Users\ryoma\.m2\repository\org\apache\maven\doxia\doxia-module-xhtml5\1.9.1\doxia-module-xhtml5-1.9.1.jar;C:\Users\ryoma\.m2\repository\org\codehaus\plexus\plexus-velocity\1.2\plexus-velocity-1.2.jar;C:\Users\ryoma\.m2\repository\org\apache\velocity\velocity\1.7\velocity-1.7.jar;C:\Users\ryoma\.m2\repository\org\apache\velocity\velocity-tools\2.0\velocity-tools-2.0.jar;C:\Users\ryoma\.m2\repository\commons-chain\commons-chain\1.1\commons-chain-1.1.jar;C:\Users\ryoma\.m2\repository\dom4j\dom4j\1.1\dom4j-1.1.jar;C:\Users\ryoma\.m2\repository\oro\oro\2.0.8\oro-2.0.8.jar;C:\Users\ryoma\.m2\repository\org\apache\maven\doxia\doxia-integration-tools\1.9.2\doxia-integration-tools-1.9.2.jar;C:\Users\ryoma\.m2\repository\org\codehaus\plexus\plexus-i18n\1.0-beta-10\plexus-i18n-1.0-beta-10.jar;C:\Users\ryoma\.m2\repository\org\codehaus\plexus\plexus-utils\3.3.0\plexus-utils-3.3.0.jar;C:\Users\ryoma\.m2\repository\org\codehaus\plexus\plexus-interpolation\1.26\plexus-interpolation-1.26.jar;C:\Users\ryoma\.m2\repository\commons-validator\commons-validator\1.6\commons-validator-1.6.jar;C:\Users\ryoma\.m2\repository\commons-beanutils\commons-beanutils\1.9.2\commons-beanutils-1.9.2.jar;C:\Users\ryoma\.m2\repository\commons-digester\commons-digester\1.8.1\commons-digester-1.8.1.jar;C:\Users\ryoma\.m2\repository\commons-logging\commons-logging\1.2\commons-logging-1.2.jar;C:\Users\ryoma\.m2\repository\org\apache\logging\log4j\log4j-api\2.19.0\log4j-api-2.19.0.jar;C:\Users\ryoma\.m2\repository\org\apache\logging\log4j\log4j-core\2.19.0\log4j-core-2.19.0.jar;C:\Users\ryoma\.m2\repository\org\apache\maven\plugins\maven-javadoc-plugin\3.2.0\maven-javadoc-plugin-3.2.0.jar;C:\Users\ryoma\.m2\repository\org\apache\maven\maven-archiver\3.5.0\maven-archiver-3.5.0.jar;C:\Users\ryoma\.m2\repository\org\apache\maven\shared\maven-invoker\3.0.0\maven-invoker-3.0.0.jar;C:\Users\ryoma\.m2\repository\org\apache\maven\wagon\wagon-provider-api\2.4\wagon-provider-api-2.4.jar;C:\Users\ryoma\.m2\repository\org\apache\commons\commons-lang3\3.5\commons-lang3-3.5.jar;C:\Users\ryoma\.m2\repository\commons-io\commons-io\2.5\commons-io-2.5.jar;C:\Users\ryoma\.m2\repository\org\apache\httpcomponents\httpclient\4.5.8\httpclient-4.5.8.jar;C:\Users\ryoma\.m2\repository\com\thoughtworks\qdox\qdox\2.0-M10\qdox-2.0-M10.jar;C:\Users\ryoma\.m2\repository\org\codehaus\plexus\plexus-java\1.0.5\plexus-java-1.0.5.jar;C:\Users\ryoma\.m2\repository\org\ow2\asm\asm\7.2\asm-7.2.jar;C:\Users\ryoma\.m2\repository\org\codehaus\plexus\plexus-archiver\4.2.1\plexus-archiver-4.2.1.jar;C:\Users\ryoma\.m2\repository\org\apache\commons\commons-compress\1.19\commons-compress-1.19.jar;C:\Users\ryoma\.m2\repository\org\iq80\snappy\snappy\0.4\snappy-0.4.jar;C:\Users\ryoma\.m2\repository\org\tukaani\xz\1.8\xz-1.8.jar;C:\Users\ryoma\.m2\repository\org\codehaus\plexus\plexus-io\3.2.0\plexus-io-3.2.0.jar;C:\Users\ryoma\.m2\repository\org\codehaus\plexus\plexus-interactivity-api\1.0-alpha-6\plexus-interactivity-api-1.0-alpha-6.jar;"/>
    <property name="sun.cpu.endian" value="little"/>
    <property name="user.home" value="C:\Users\ryoma"/>
    <property name="user.language" value="fr"/>
    <property name="java.specification.vendor" value="Oracle Corporation"/>
    <property name="java.version.date" value="2024-07-16"/>
    <property name="java.home" value="C:\Program Files\Java\jdk-17"/>
    <property name="file.separator" value="\"/>
    <property name="basedir" value="C:\Users\ryoma\Desktop\S9\QL\projet\cours-qualite-2024\coffee-machine"/>
    <property name="java.vm.compressedOopsMode" value="32-bit"/>
    <property name="line.separator" value="&#10;"/>
    <property name="java.vm.specification.vendor" value="Oracle Corporation"/>
    <property name="java.specification.name" value="Java Platform API Specification"/>
    <property name="surefire.real.class.path" value="C:\Users\ryoma\AppData\Local\Temp\surefire2493556541021245761\surefirebooter-20241221121351027_3.jar"/>
    <property name="user.script" value=""/>
    <property name="sun.management.compiler" value="HotSpot 64-Bit Tiered Compilers"/>
    <property name="java.runtime.version" value="17.0.12+8-LTS-286"/>
    <property name="user.name" value="ryoma"/>
    <property name="path.separator" value=";"/>
    <property name="os.version" value="10.0"/>
    <property name="java.runtime.name" value="Java(TM) SE Runtime Environment"/>
    <property name="file.encoding" value="Cp1252"/>
    <property name="java.vm.name" value="Java HotSpot(TM) 64-Bit Server VM"/>
    <property name="localRepository" value="C:\Users\ryoma\.m2\repository"/>
    <property name="java.vendor.url.bug" value="https://bugreport.java.com/bugreport/"/>
    <property name="java.io.tmpdir" value="C:\Users\ryoma\AppData\Local\Temp\"/>
    <property name="java.version" value="17.0.12"/>
    <property name="user.dir" value="C:\Users\ryoma\Desktop\S9\QL\projet\cours-qualite-2024\coffee-machine"/>
    <property name="os.arch" value="amd64"/>
    <property name="java.vm.specification.name" value="Java Virtual Machine Specification"/>
    <property name="sun.os.patch.level" value=""/>
    <property name="native.encoding" value="Cp1252"/>
    <property name="java.library.path" value="C:\Program Files\Java\jdk-17\bin;C:\WINDOWS\Sun\Java\bin;C:\WINDOWS\system32;C:\WINDOWS;C:\Program Files\Common Files\Oracle\Java\javapath;C:\Python311\Scripts\;C:\Python311\;C:\Users\ryoma\Desktop\app\oracle\product\11.2.0\server\bin;C:\Users\ryoma\AppData\Local\Programs\Python\Python310\Scripts\;C:\Users\ryoma\AppData\Local\Programs\Python\Python310\;C:\Program Files (x86)\Common Files\Oracle\Java\javapath;C:\Program Files\Microsoft\jdk-11.0.12.7-hotspot\bin;C:\Windows\system32;C:\Windows;C:\Windows\System32\Wbem;C:\Windows\System32\WindowsPowerShell\v1.0\;C:\Windows\System32\OpenSSH\;C:\Program Files (x86)\NVIDIA Corporation\PhysX\Common;C:\Program Files\NVIDIA Corporation\NVIDIA NvDLISR;C:\WINDOWS\system32;C:\WINDOWS;C:\WINDOWS\System32\Wbem;C:\WINDOWS\System32\WindowsPowerShell\v1.0\;C:\WINDOWS\System32\OpenSSH\;C:\Program Files\MySQL\MySQL Server 8.0\bin;C:\Program Files\Git\cmd;C:\Program Files\Microsoft SQL Server\150\Tools\Binn\;C:\Program Files\Microsoft SQL Server\Client SDK\ODBC\170\Tools\Binn\;C:\Program Files\dotnet\;C:\ProgramData\chocolatey\bin;C:\Program Files (x86)\QuickTime\QTSystem\;C:\product\21c\dbhomeXE\bin;C:\Users\ryoma\Desktop\apache-maven-3.8.6-bin\apache-maven-3.8.6\bin;C:\xampp\php;C:\ProgramData\ComposerSetup\bin;C:\Program Files (x86)\Yarn\bin\;C:\sqlite;C:\Program Files\nodejs\;C:\Program Files\Docker\Docker\resources\bin;C:\Users\ryoma\scoop\shims;C:\Ruby27-x64\bin;C:\Program Files\MySQL\MySQL Shell 8.0\bin\;C:\Users\ryoma\AppData\Local\Programs\Python\Python39\Scripts\;C:\Users\ryoma\AppData\Local\Programs\Python\Python39\;C:\Users\ryoma\AppData\Local\Programs\Python\Python310\Scripts\;C:\Users\ryoma\AppData\Local\Programs\Python\Python310\;C:\Users\ryoma\AppData\Local\Microsoft\WindowsApps;C:\Users\ryoma\AppData\Local\GitHubDesktop\bin;C:\Users\ryoma\Desktop\flutter\bin;C:\Users\ryoma\.dotnet\tools;C:\Users\ryoma\AppData\Local\Programs\Microsoft VS Code\bin;C:\msys64\mingw64\bin;C:\Program Files\JetBrains\IntelliJ IDEA 2022.2.4\bin;C:\Users\ryoma\AppData\Roaming\Composer\vendor\bin;C:\Users\ryoma\AppData\Local\Yarn\bin;C:\Users\ryoma\AppData\Roaming\npm;C:\Users\ryoma\AppData\Roaming\TinyTeX\bin\windows;C:\Users\ryoma\AppData\Local\Programs\Ollama;C:\Users\ryoma\Desktop\S9\DEV\apache-maven-3.9.4\bin;;."/>
    <property name="java.vm.info" value="mixed mode, sharing"/>
    <property name="java.vendor" value="Oracle Corporation"/>
    <property name="java.vm.version" value="17.0.12+8-LTS-286"/>
    <property name="sun.io.unicode.encoding" value="UnicodeLittle"/>
    <property name="java.class.version" value="61.0"/>
  </properties>
  <testcase name="" classname="fr.imt.coffee.machine.CoffeeMachineCucumberFunctionalTest" time="0">
    <skipped/>
  </testcase>
  <testcase name="testMachineFailureTrue" classname="fr.imt.coffee.machine.CoffeeMachineUnitTest" time="3.096"/>
  <testcase name="testPlugMachine" classname="fr.imt.coffee.machine.CoffeeMachineUnitTest" time="0.002"/>
  <testcase name="testMakeACoffeeCupNotEmptyException" classname="fr.imt.coffee.machine.CoffeeMachineUnitTest" time="0.052">
    <failure message="Unexpected exception type thrown, expected: &lt;fr.imt.coffee.storage.cupboard.exception.CupNotEmptyException&gt; but was: &lt;fr.imt.coffee.machine.exception.MachineNotPluggedException&gt;" type="org.opentest4j.AssertionFailedError"><![CDATA[org.opentest4j.AssertionFailedError: Unexpected exception type thrown, expected: <fr.imt.coffee.storage.cupboard.exception.CupNotEmptyException> but was: <fr.imt.coffee.machine.exception.MachineNotPluggedException>
	at org.junit.jupiter.api.AssertionFailureBuilder.build(AssertionFailureBuilder.java:151)
	at org.junit.jupiter.api.AssertThrows.assertThrows(AssertThrows.java:67)
	at org.junit.jupiter.api.AssertThrows.assertThrows(AssertThrows.java:35)
	at org.junit.jupiter.api.Assertions.assertThrows(Assertions.java:3083)
	at fr.imt.coffee.machine.CoffeeMachineUnitTest.testMakeACoffeeCupNotEmptyException(CoffeeMachineUnitTest.java:119)
	at java.base/jdk.internal.reflect.NativeMethodAccessorImpl.invoke0(Native Method)
	at java.base/jdk.internal.reflect.NativeMethodAccessorImpl.invoke(NativeMethodAccessorImpl.java:77)
	at java.base/jdk.internal.reflect.DelegatingMethodAccessorImpl.invoke(DelegatingMethodAccessorImpl.java:43)
	at java.base/java.lang.reflect.Method.invoke(Method.java:568)
	at org.junit.platform.commons.util.ReflectionUtils.invokeMethod(ReflectionUtils.java:727)
	at org.junit.jupiter.engine.execution.MethodInvocation.proceed(MethodInvocation.java:60)
	at org.junit.jupiter.engine.execution.InvocationInterceptorChain$ValidatingInvocation.proceed(InvocationInterceptorChain.java:131)
	at org.junit.jupiter.engine.extension.TimeoutExtension.intercept(TimeoutExtension.java:156)
	at org.junit.jupiter.engine.extension.TimeoutExtension.interceptTestableMethod(TimeoutExtension.java:147)
	at org.junit.jupiter.engine.extension.TimeoutExtension.interceptTestMethod(TimeoutExtension.java:86)
	at org.junit.jupiter.engine.execution.InterceptingExecutableInvoker$ReflectiveInterceptorCall.lambda$ofVoidMethod$0(InterceptingExecutableInvoker.java:103)
	at org.junit.jupiter.engine.execution.InterceptingExecutableInvoker.lambda$invoke$0(InterceptingExecutableInvoker.java:93)
	at org.junit.jupiter.engine.execution.InvocationInterceptorChain$InterceptedInvocation.proceed(InvocationInterceptorChain.java:106)
	at org.junit.jupiter.engine.execution.InvocationInterceptorChain.proceed(InvocationInterceptorChain.java:64)
	at org.junit.jupiter.engine.execution.InvocationInterceptorChain.chainAndInvoke(InvocationInterceptorChain.java:45)
	at org.junit.jupiter.engine.execution.InvocationInterceptorChain.invoke(InvocationInterceptorChain.java:37)
	at org.junit.jupiter.engine.execution.InterceptingExecutableInvoker.invoke(InterceptingExecutableInvoker.java:92)
	at org.junit.jupiter.engine.execution.InterceptingExecutableInvoker.invoke(InterceptingExecutableInvoker.java:86)
	at org.junit.jupiter.engine.descriptor.TestMethodTestDescriptor.lambda$invokeTestMethod$7(TestMethodTestDescriptor.java:217)
	at org.junit.platform.engine.support.hierarchical.ThrowableCollector.execute(ThrowableCollector.java:73)
	at org.junit.jupiter.engine.descriptor.TestMethodTestDescriptor.invokeTestMethod(TestMethodTestDescriptor.java:213)
	at org.junit.jupiter.engine.descriptor.TestMethodTestDescriptor.execute(TestMethodTestDescriptor.java:138)
	at org.junit.jupiter.engine.descriptor.TestMethodTestDescriptor.execute(TestMethodTestDescriptor.java:68)
	at org.junit.platform.engine.support.hierarchical.NodeTestTask.lambda$executeRecursively$6(NodeTestTask.java:151)
	at org.junit.platform.engine.support.hierarchical.ThrowableCollector.execute(ThrowableCollector.java:73)
	at org.junit.platform.engine.support.hierarchical.NodeTestTask.lambda$executeRecursively$8(NodeTestTask.java:141)
	at org.junit.platform.engine.support.hierarchical.Node.around(Node.java:137)
	at org.junit.platform.engine.support.hierarchical.NodeTestTask.lambda$executeRecursively$9(NodeTestTask.java:139)
	at org.junit.platform.engine.support.hierarchical.ThrowableCollector.execute(ThrowableCollector.java:73)
	at org.junit.platform.engine.support.hierarchical.NodeTestTask.executeRecursively(NodeTestTask.java:138)
	at org.junit.platform.engine.support.hierarchical.NodeTestTask.execute(NodeTestTask.java:95)
	at java.base/java.util.ArrayList.forEach(ArrayList.java:1511)
	at org.junit.platform.engine.support.hierarchical.SameThreadHierarchicalTestExecutorService.invokeAll(SameThreadHierarchicalTestExecutorService.java:41)
	at org.junit.platform.engine.support.hierarchical.NodeTestTask.lambda$executeRecursively$6(NodeTestTask.java:155)
	at org.junit.platform.engine.support.hierarchical.ThrowableCollector.execute(ThrowableCollector.java:73)
	at org.junit.platform.engine.support.hierarchical.NodeTestTask.lambda$executeRecursively$8(NodeTestTask.java:141)
	at org.junit.platform.engine.support.hierarchical.Node.around(Node.java:137)
	at org.junit.platform.engine.support.hierarchical.NodeTestTask.lambda$executeRecursively$9(NodeTestTask.java:139)
	at org.junit.platform.engine.support.hierarchical.ThrowableCollector.execute(ThrowableCollector.java:73)
	at org.junit.platform.engine.support.hierarchical.NodeTestTask.executeRecursively(NodeTestTask.java:138)
	at org.junit.platform.engine.support.hierarchical.NodeTestTask.execute(NodeTestTask.java:95)
	at java.base/java.util.ArrayList.forEach(ArrayList.java:1511)
	at org.junit.platform.engine.support.hierarchical.SameThreadHierarchicalTestExecutorService.invokeAll(SameThreadHierarchicalTestExecutorService.java:41)
	at org.junit.platform.engine.support.hierarchical.NodeTestTask.lambda$executeRecursively$6(NodeTestTask.java:155)
	at org.junit.platform.engine.support.hierarchical.ThrowableCollector.execute(ThrowableCollector.java:73)
	at org.junit.platform.engine.support.hierarchical.NodeTestTask.lambda$executeRecursively$8(NodeTestTask.java:141)
	at org.junit.platform.engine.support.hierarchical.Node.around(Node.java:137)
	at org.junit.platform.engine.support.hierarchical.NodeTestTask.lambda$executeRecursively$9(NodeTestTask.java:139)
	at org.junit.platform.engine.support.hierarchical.ThrowableCollector.execute(ThrowableCollector.java:73)
	at org.junit.platform.engine.support.hierarchical.NodeTestTask.executeRecursively(NodeTestTask.java:138)
	at org.junit.platform.engine.support.hierarchical.NodeTestTask.execute(NodeTestTask.java:95)
	at org.junit.platform.engine.support.hierarchical.SameThreadHierarchicalTestExecutorService.submit(SameThreadHierarchicalTestExecutorService.java:35)
	at org.junit.platform.engine.support.hierarchical.HierarchicalTestExecutor.execute(HierarchicalTestExecutor.java:57)
	at org.junit.platform.engine.support.hierarchical.HierarchicalTestEngine.execute(HierarchicalTestEngine.java:54)
	at org.junit.platform.launcher.core.EngineExecutionOrchestrator.execute(EngineExecutionOrchestrator.java:147)
	at org.junit.platform.launcher.core.EngineExecutionOrchestrator.execute(EngineExecutionOrchestrator.java:127)
	at org.junit.platform.launcher.core.EngineExecutionOrchestrator.execute(EngineExecutionOrchestrator.java:90)
	at org.junit.platform.launcher.core.EngineExecutionOrchestrator.lambda$execute$0(EngineExecutionOrchestrator.java:55)
	at org.junit.platform.launcher.core.EngineExecutionOrchestrator.withInterceptedStreams(EngineExecutionOrchestrator.java:102)
	at org.junit.platform.launcher.core.EngineExecutionOrchestrator.execute(EngineExecutionOrchestrator.java:54)
	at org.junit.platform.launcher.core.DefaultLauncher.execute(DefaultLauncher.java:114)
	at org.junit.platform.launcher.core.DefaultLauncher.execute(DefaultLauncher.java:86)
	at org.junit.platform.launcher.core.DefaultLauncherSession$DelegatingLauncher.execute(DefaultLauncherSession.java:86)
	at org.apache.maven.surefire.junitplatform.LazyLauncher.execute(LazyLauncher.java:55)
	at org.apache.maven.surefire.junitplatform.JUnitPlatformProvider.execute(JUnitPlatformProvider.java:223)
	at org.apache.maven.surefire.junitplatform.JUnitPlatformProvider.invokeAllTests(JUnitPlatformProvider.java:175)
	at org.apache.maven.surefire.junitplatform.JUnitPlatformProvider.invoke(JUnitPlatformProvider.java:139)
	at org.apache.maven.surefire.booter.ForkedBooter.runSuitesInProcess(ForkedBooter.java:456)
	at org.apache.maven.surefire.booter.ForkedBooter.execute(ForkedBooter.java:169)
	at org.apache.maven.surefire.booter.ForkedBooter.run(ForkedBooter.java:595)
	at org.apache.maven.surefire.booter.ForkedBooter.main(ForkedBooter.java:581)
Caused by: fr.imt.coffee.machine.exception.MachineNotPluggedException: You must plug your coffee machine.
	at fr.imt.coffee.machine.CoffeeMachine.makeACoffee(CoffeeMachine.java:87)
	at fr.imt.coffee.machine.CoffeeMachineUnitTest.lambda$testMakeACoffeeCupNotEmptyException$0(CoffeeMachineUnitTest.java:120)
	at org.junit.jupiter.api.AssertThrows.assertThrows(AssertThrows.java:53)
	... 74 more
]]></failure>
  </testcase>
  <testcase name="testMachineFailureFalse" classname="fr.imt.coffee.machine.CoffeeMachineUnitTest" time="0.002"/>
</testsuite>